<?xml version="1.0" encoding="UTF-8"?>
<!-- Generated by org.testng.reporters.JUnitXMLReporter -->
<testsuite ignored="0" hostname="LTIN192700" failures="4" tests="5" name="Test" time="119.735" errors="0" timestamp="2022-08-09T18:23:00 IST">
  <testcase classname="launchBrowser.Launchbrowser" name="selectprizeinbs" time="32.637">
    <failure type="org.openqa.selenium.WebDriverException" message="unknown error: cannot determine loading status
from disconnected: received Inspector.detached event
  (Session info: chrome=101.0.4951.54)
Build info: version: &amp;apos;3.141.59&amp;apos;, revision: &amp;apos;e82be7d358&amp;apos;, time: &amp;apos;2018-11-14T08:17:03&amp;apos;
System info: host: &amp;apos;LTIN192700&amp;apos;, ip: &amp;apos;30.159.214.125&amp;apos;, os.name: &amp;apos;Windows 10&amp;apos;, os.arch: &amp;apos;amd64&amp;apos;, os.version: &amp;apos;10.0&amp;apos;, java.version: &amp;apos;15.0.2&amp;apos;
Driver info: org.openqa.selenium.chrome.ChromeDriver
Capabilities {acceptInsecureCerts: true, browserName: chrome, browserVersion: 101.0.4951.54, chrome: {chromedriverVersion: 101.0.4951.41 (93c720db8323..., userDataDir: C:\Users\2080851\AppData\Lo...}, goog:chromeOptions: {debuggerAddress: localhost:50749}, javascriptEnabled: true, networkConnectionEnabled: false, pageLoadStrategy: normal, platform: WINDOWS, platformName: WINDOWS, proxy: Proxy(), setWindowRect: true, strictFileInteractability: false, timeouts: {implicit: 0, pageLoad: 300000, script: 30000}, unhandledPromptBehavior: accept, webauthn:extension:credBlob: true, webauthn:extension:largeBlob: true, webauthn:virtualAuthenticators: true}
Session ID: 2001f65380733209b48b842e108331e4">
      <![CDATA[org.openqa.selenium.WebDriverException: unknown error: cannot determine loading status
from disconnected: received Inspector.detached event
  (Session info: chrome=101.0.4951.54)
Build info: version: '3.141.59', revision: 'e82be7d358', time: '2018-11-14T08:17:03'
System info: host: 'LTIN192700', ip: '30.159.214.125', os.name: 'Windows 10', os.arch: 'amd64', os.version: '10.0', java.version: '15.0.2'
Driver info: org.openqa.selenium.chrome.ChromeDriver
Capabilities {acceptInsecureCerts: true, browserName: chrome, browserVersion: 101.0.4951.54, chrome: {chromedriverVersion: 101.0.4951.41 (93c720db8323..., userDataDir: C:\Users\2080851\AppData\Lo...}, goog:chromeOptions: {debuggerAddress: localhost:50749}, javascriptEnabled: true, networkConnectionEnabled: false, pageLoadStrategy: normal, platform: WINDOWS, platformName: WINDOWS, proxy: Proxy(), setWindowRect: true, strictFileInteractability: false, timeouts: {implicit: 0, pageLoad: 300000, script: 30000}, unhandledPromptBehavior: accept, webauthn:extension:credBlob: true, webauthn:extension:largeBlob: true, webauthn:virtualAuthenticators: true}
Session ID: 2001f65380733209b48b842e108331e4
at org.openqa.selenium.remote.http.W3CHttpResponseCodec.createException(W3CHttpResponseCodec.java:187)
at org.openqa.selenium.remote.http.W3CHttpResponseCodec.decode(W3CHttpResponseCodec.java:122)
at org.openqa.selenium.remote.http.W3CHttpResponseCodec.decode(W3CHttpResponseCodec.java:49)
at org.openqa.selenium.remote.HttpCommandExecutor.execute(HttpCommandExecutor.java:158)
at org.openqa.selenium.remote.service.DriverCommandExecutor.execute(DriverCommandExecutor.java:83)
at org.openqa.selenium.remote.RemoteWebDriver.execute(RemoteWebDriver.java:552)
at org.openqa.selenium.remote.RemoteWebDriver.get(RemoteWebDriver.java:277)
at pages.Bookshelves.openURL(Bookshelves.java:39)
at launchBrowser.Launchbrowser.selectprizeinbs(Launchbrowser.java:30)
at java.base/java.util.ArrayList.forEach(ArrayList.java:1511)
... Removed 32 stack frames]]>
    </failure>
  </testcase> <!-- selectprizeinbs -->
  <testcase classname="bookshelves.Printdetails" name="printdetails" time="25.526">
    <failure type="org.openqa.selenium.WebDriverException" message="unknown error: cannot determine loading status
from disconnected: received Inspector.detached event
  (Session info: chrome=101.0.4951.54)
Build info: version: &amp;apos;3.141.59&amp;apos;, revision: &amp;apos;e82be7d358&amp;apos;, time: &amp;apos;2018-11-14T08:17:03&amp;apos;
System info: host: &amp;apos;LTIN192700&amp;apos;, ip: &amp;apos;30.159.214.125&amp;apos;, os.name: &amp;apos;Windows 10&amp;apos;, os.arch: &amp;apos;amd64&amp;apos;, os.version: &amp;apos;10.0&amp;apos;, java.version: &amp;apos;15.0.2&amp;apos;
Driver info: org.openqa.selenium.chrome.ChromeDriver
Capabilities {acceptInsecureCerts: true, browserName: chrome, browserVersion: 101.0.4951.54, chrome: {chromedriverVersion: 101.0.4951.41 (93c720db8323..., userDataDir: C:\Users\2080851\AppData\Lo...}, goog:chromeOptions: {debuggerAddress: localhost:50854}, javascriptEnabled: true, networkConnectionEnabled: false, pageLoadStrategy: normal, platform: WINDOWS, platformName: WINDOWS, proxy: Proxy(), setWindowRect: true, strictFileInteractability: false, timeouts: {implicit: 0, pageLoad: 300000, script: 30000}, unhandledPromptBehavior: accept, webauthn:extension:credBlob: true, webauthn:extension:largeBlob: true, webauthn:virtualAuthenticators: true}
Session ID: 71c1213ca85550567eba1f504b8dd885">
      <![CDATA[org.openqa.selenium.WebDriverException: unknown error: cannot determine loading status
from disconnected: received Inspector.detached event
  (Session info: chrome=101.0.4951.54)
Build info: version: '3.141.59', revision: 'e82be7d358', time: '2018-11-14T08:17:03'
System info: host: 'LTIN192700', ip: '30.159.214.125', os.name: 'Windows 10', os.arch: 'amd64', os.version: '10.0', java.version: '15.0.2'
Driver info: org.openqa.selenium.chrome.ChromeDriver
Capabilities {acceptInsecureCerts: true, browserName: chrome, browserVersion: 101.0.4951.54, chrome: {chromedriverVersion: 101.0.4951.41 (93c720db8323..., userDataDir: C:\Users\2080851\AppData\Lo...}, goog:chromeOptions: {debuggerAddress: localhost:50854}, javascriptEnabled: true, networkConnectionEnabled: false, pageLoadStrategy: normal, platform: WINDOWS, platformName: WINDOWS, proxy: Proxy(), setWindowRect: true, strictFileInteractability: false, timeouts: {implicit: 0, pageLoad: 300000, script: 30000}, unhandledPromptBehavior: accept, webauthn:extension:credBlob: true, webauthn:extension:largeBlob: true, webauthn:virtualAuthenticators: true}
Session ID: 71c1213ca85550567eba1f504b8dd885
at org.openqa.selenium.remote.http.W3CHttpResponseCodec.createException(W3CHttpResponseCodec.java:187)
at org.openqa.selenium.remote.http.W3CHttpResponseCodec.decode(W3CHttpResponseCodec.java:122)
at org.openqa.selenium.remote.http.W3CHttpResponseCodec.decode(W3CHttpResponseCodec.java:49)
at org.openqa.selenium.remote.HttpCommandExecutor.execute(HttpCommandExecutor.java:158)
at org.openqa.selenium.remote.service.DriverCommandExecutor.execute(DriverCommandExecutor.java:83)
at org.openqa.selenium.remote.RemoteWebDriver.execute(RemoteWebDriver.java:552)
at org.openqa.selenium.remote.RemoteWebDriver.get(RemoteWebDriver.java:277)
at pages.Bookshelves.openURL(Bookshelves.java:39)
at bookshelves.Printdetails.printdetails(Printdetails.java:26)
at java.base/java.util.ArrayList.forEach(ArrayList.java:1511)
... Removed 32 stack frames]]>
    </failure>
  </testcase> <!-- printdetails -->
  <testcase classname="alldropdownmenu.SubmenuCollections" name="selectsubmenu" time="6.812">
    <failure type="org.openqa.selenium.SessionNotCreatedException" message="session not created
from disconnected: received Inspector.detached event
  (Session info: chrome=101.0.4951.54)
Build info: version: &amp;apos;3.141.59&amp;apos;, revision: &amp;apos;e82be7d358&amp;apos;, time: &amp;apos;2018-11-14T08:17:03&amp;apos;
System info: host: &amp;apos;LTIN192700&amp;apos;, ip: &amp;apos;30.159.214.125&amp;apos;, os.name: &amp;apos;Windows 10&amp;apos;, os.arch: &amp;apos;amd64&amp;apos;, os.version: &amp;apos;10.0&amp;apos;, java.version: &amp;apos;15.0.2&amp;apos;
Driver info: driver.version: ChromeDriver
remote stacktrace: Backtrace:
	Ordinal0 [0x00B1B8F3+2406643]
	Ordinal0 [0x00AAAF31+1945393]
	Ordinal0 [0x0099C748+837448]
	Ordinal0 [0x0098E6BE+779966]
	Ordinal0 [0x0098E2AF+778927]
	Ordinal0 [0x0098D8A6+776358]
	Ordinal0 [0x0098C7C5+772037]
	Ordinal0 [0x0098CC9D+773277]
	Ordinal0 [0x0098C3E5+771045]
	Ordinal0 [0x00998323+820003]
	Ordinal0 [0x0098C395+770965]
	Ordinal0 [0x0098D488+775304]
	Ordinal0 [0x0098C7C5+772037]
	Ordinal0 [0x0098CC9D+773277]
	Ordinal0 [0x0098C3E5+771045]
	Ordinal0 [0x00996013+811027]
	Ordinal0 [0x0098C395+770965]
	Ordinal0 [0x0098D488+775304]
	Ordinal0 [0x0098C7C5+772037]
	Ordinal0 [0x0098CC9D+773277]
	Ordinal0 [0x0098C3E5+771045]
	Ordinal0 [0x00993E59+802393]
	Ordinal0 [0x0098C395+770965]
	Ordinal0 [0x0098D488+775304]
	Ordinal0 [0x0098C7C5+772037]
	Ordinal0 [0x0098CDC8+773576]
	Ordinal0 [0x0098CD58+773464]
	Ordinal0 [0x009929B6+797110]
	Ordinal0 [0x009928F0+796912]
	Ordinal0 [0x0098C395+770965]
	Ordinal0 [0x0098D488+775304]
	Ordinal0 [0x0098C7C5+772037]
	Ordinal0 [0x0098CC9D+773277]
	Ordinal0 [0x0098C3E5+771045]
	Ordinal0 [0x00987C5D+752733]
	Ordinal0 [0x0098C395+770965]
	Ordinal0 [0x0098C120+770336]
	Ordinal0 [0x0098BE69+769641]
	Ordinal0 [0x0099DAC0+842432]
	Ordinal0 [0x009E9F79+1154937]
	Ordinal0 [0x009E8B3A+1149754]
	Ordinal0 [0x009E4096+1130646]
	Ordinal0 [0x009BE636+976438]
	Ordinal0 [0x009BF546+980294]
	GetHandleVerifier [0x00D89612+2498066]
	GetHandleVerifier [0x00D7C920+2445600]
	GetHandleVerifier [0x00BB4F2A+579370]
	GetHandleVerifier [0x00BB3D36+574774]
	Ordinal0 [0x00AB1C0B+1973259]
	Ordinal0 [0x00AB6688+1992328]
	Ordinal0 [0x00AB6775+1992565]
	Ordinal0 [0x00ABF8D1+2029777]
	BaseThreadInitThunk [0x76E3FA29+25]
	RtlGetAppContainerNamedObjectPath [0x77177A9E+286]
	RtlGetAppContainerNamedObjectPath [0x77177A6E+238]
">
      <![CDATA[org.openqa.selenium.SessionNotCreatedException: session not created
from disconnected: received Inspector.detached event
  (Session info: chrome=101.0.4951.54)
Build info: version: '3.141.59', revision: 'e82be7d358', time: '2018-11-14T08:17:03'
System info: host: 'LTIN192700', ip: '30.159.214.125', os.name: 'Windows 10', os.arch: 'amd64', os.version: '10.0', java.version: '15.0.2'
Driver info: driver.version: ChromeDriver
remote stacktrace: Backtrace:
Ordinal0 [0x00B1B8F3+2406643]
Ordinal0 [0x00AAAF31+1945393]
Ordinal0 [0x0099C748+837448]
Ordinal0 [0x0098E6BE+779966]
Ordinal0 [0x0098E2AF+778927]
Ordinal0 [0x0098D8A6+776358]
Ordinal0 [0x0098C7C5+772037]
Ordinal0 [0x0098CC9D+773277]
Ordinal0 [0x0098C3E5+771045]
Ordinal0 [0x00998323+820003]
Ordinal0 [0x0098C395+770965]
Ordinal0 [0x0098D488+775304]
Ordinal0 [0x0098C7C5+772037]
Ordinal0 [0x0098CC9D+773277]
Ordinal0 [0x0098C3E5+771045]
Ordinal0 [0x00996013+811027]
Ordinal0 [0x0098C395+770965]
Ordinal0 [0x0098D488+775304]
Ordinal0 [0x0098C7C5+772037]
Ordinal0 [0x0098CC9D+773277]
Ordinal0 [0x0098C3E5+771045]
Ordinal0 [0x00993E59+802393]
Ordinal0 [0x0098C395+770965]
Ordinal0 [0x0098D488+775304]
Ordinal0 [0x0098C7C5+772037]
Ordinal0 [0x0098CDC8+773576]
Ordinal0 [0x0098CD58+773464]
Ordinal0 [0x009929B6+797110]
Ordinal0 [0x009928F0+796912]
Ordinal0 [0x0098C395+770965]
Ordinal0 [0x0098D488+775304]
Ordinal0 [0x0098C7C5+772037]
Ordinal0 [0x0098CC9D+773277]
Ordinal0 [0x0098C3E5+771045]
Ordinal0 [0x00987C5D+752733]
Ordinal0 [0x0098C395+770965]
Ordinal0 [0x0098C120+770336]
Ordinal0 [0x0098BE69+769641]
Ordinal0 [0x0099DAC0+842432]
Ordinal0 [0x009E9F79+1154937]
Ordinal0 [0x009E8B3A+1149754]
Ordinal0 [0x009E4096+1130646]
Ordinal0 [0x009BE636+976438]
Ordinal0 [0x009BF546+980294]
GetHandleVerifier [0x00D89612+2498066]
GetHandleVerifier [0x00D7C920+2445600]
GetHandleVerifier [0x00BB4F2A+579370]
GetHandleVerifier [0x00BB3D36+574774]
Ordinal0 [0x00AB1C0B+1973259]
Ordinal0 [0x00AB6688+1992328]
Ordinal0 [0x00AB6775+1992565]
Ordinal0 [0x00ABF8D1+2029777]
BaseThreadInitThunk [0x76E3FA29+25]
RtlGetAppContainerNamedObjectPath [0x77177A9E+286]
RtlGetAppContainerNamedObjectPath [0x77177A6E+238]

at org.openqa.selenium.remote.W3CHandshakeResponse.lambda$errorHandler$0(W3CHandshakeResponse.java:62)
at org.openqa.selenium.remote.HandshakeResponse.lambda$getResponseFunction$0(HandshakeResponse.java:30)
at org.openqa.selenium.remote.ProtocolHandshake.lambda$createSession$0(ProtocolHandshake.java:126)
at java.base/java.util.stream.ReferencePipeline$3$1.accept(ReferencePipeline.java:195)
at java.base/java.util.Spliterators$ArraySpliterator.tryAdvance(Spliterators.java:958)
at java.base/java.util.stream.ReferencePipeline.forEachWithCancel(ReferencePipeline.java:127)
at java.base/java.util.stream.AbstractPipeline.copyIntoWithCancel(AbstractPipeline.java:502)
at java.base/java.util.stream.AbstractPipeline.copyInto(AbstractPipeline.java:488)
at java.base/java.util.stream.AbstractPipeline.wrapAndCopyInto(AbstractPipeline.java:474)
at java.base/java.util.stream.FindOps$FindOp.evaluateSequential(FindOps.java:150)
at java.base/java.util.stream.AbstractPipeline.evaluate(AbstractPipeline.java:234)
at java.base/java.util.stream.ReferencePipeline.findFirst(ReferencePipeline.java:543)
at org.openqa.selenium.remote.ProtocolHandshake.createSession(ProtocolHandshake.java:128)
at org.openqa.selenium.remote.ProtocolHandshake.createSession(ProtocolHandshake.java:74)
at org.openqa.selenium.remote.HttpCommandExecutor.execute(HttpCommandExecutor.java:136)
at org.openqa.selenium.remote.service.DriverCommandExecutor.execute(DriverCommandExecutor.java:83)
at org.openqa.selenium.remote.RemoteWebDriver.execute(RemoteWebDriver.java:552)
at org.openqa.selenium.remote.RemoteWebDriver.startSession(RemoteWebDriver.java:213)
at org.openqa.selenium.remote.RemoteWebDriver.<init>(RemoteWebDriver.java:131)
at org.openqa.selenium.chrome.ChromeDriver.<init>(ChromeDriver.java:181)
at org.openqa.selenium.chrome.ChromeDriver.<init>(ChromeDriver.java:168)
at org.openqa.selenium.chrome.ChromeDriver.<init>(ChromeDriver.java:157)
at utilities.DriverSetup.setChromeDriver(DriverSetup.java:49)
at utilities.DriverSetup.getWebDriver(DriverSetup.java:28)
at alldropdownmenu.SubmenuCollections.selectsubmenu(SubmenuCollections.java:26)
at java.base/java.util.ArrayList.forEach(ArrayList.java:1511)
... Removed 32 stack frames]]>
    </failure>
  </testcase> <!-- selectsubmenu -->
  <testcase classname="studychairs.Printdetails" name="capturealert" time="45.245"/>
  <testcase classname="captureAlert.CapturealertinGiftCards" name="capturealert" time="9.389">
    <failure type="org.openqa.selenium.SessionNotCreatedException" message="session not created
from disconnected: Unable to receive message from renderer
  (Session info: chrome=101.0.4951.54)
Build info: version: &amp;apos;3.141.59&amp;apos;, revision: &amp;apos;e82be7d358&amp;apos;, time: &amp;apos;2018-11-14T08:17:03&amp;apos;
System info: host: &amp;apos;LTIN192700&amp;apos;, ip: &amp;apos;30.159.214.125&amp;apos;, os.name: &amp;apos;Windows 10&amp;apos;, os.arch: &amp;apos;amd64&amp;apos;, os.version: &amp;apos;10.0&amp;apos;, java.version: &amp;apos;15.0.2&amp;apos;
Driver info: driver.version: ChromeDriver
remote stacktrace: Backtrace:
	Ordinal0 [0x00B1B8F3+2406643]
	Ordinal0 [0x00AAAF31+1945393]
	Ordinal0 [0x0099C748+837448]
	Ordinal0 [0x0098DA12+776722]
	Ordinal0 [0x0098C7C5+772037]
	Ordinal0 [0x0098CC9D+773277]
	Ordinal0 [0x0098C3E5+771045]
	Ordinal0 [0x00998323+820003]
	Ordinal0 [0x0098C395+770965]
	Ordinal0 [0x0098D488+775304]
	Ordinal0 [0x0098C7C5+772037]
	Ordinal0 [0x0098CC9D+773277]
	Ordinal0 [0x0098C3E5+771045]
	Ordinal0 [0x00996013+811027]
	Ordinal0 [0x0098C395+770965]
	Ordinal0 [0x0098D488+775304]
	Ordinal0 [0x0098C7C5+772037]
	Ordinal0 [0x0098CC9D+773277]
	Ordinal0 [0x0098C3E5+771045]
	Ordinal0 [0x00993E59+802393]
	Ordinal0 [0x0098C395+770965]
	Ordinal0 [0x0098D488+775304]
	Ordinal0 [0x0098C7C5+772037]
	Ordinal0 [0x0098CDC8+773576]
	Ordinal0 [0x0098CD58+773464]
	Ordinal0 [0x009929B6+797110]
	Ordinal0 [0x009928F0+796912]
	Ordinal0 [0x0098C395+770965]
	Ordinal0 [0x0098D488+775304]
	Ordinal0 [0x0098C7C5+772037]
	Ordinal0 [0x0098CC9D+773277]
	Ordinal0 [0x0098C3E5+771045]
	Ordinal0 [0x00987C5D+752733]
	Ordinal0 [0x0098C395+770965]
	Ordinal0 [0x0098C120+770336]
	Ordinal0 [0x0098BE69+769641]
	Ordinal0 [0x0099DAC0+842432]
	Ordinal0 [0x009E9F79+1154937]
	Ordinal0 [0x009E8B3A+1149754]
	Ordinal0 [0x009E4096+1130646]
	Ordinal0 [0x009BE636+976438]
	Ordinal0 [0x009BF546+980294]
	GetHandleVerifier [0x00D89612+2498066]
	GetHandleVerifier [0x00D7C920+2445600]
	GetHandleVerifier [0x00BB4F2A+579370]
	GetHandleVerifier [0x00BB3D36+574774]
	Ordinal0 [0x00AB1C0B+1973259]
	Ordinal0 [0x00AB6688+1992328]
	Ordinal0 [0x00AB6775+1992565]
	Ordinal0 [0x00ABF8D1+2029777]
	BaseThreadInitThunk [0x76E3FA29+25]
	RtlGetAppContainerNamedObjectPath [0x77177A9E+286]
	RtlGetAppContainerNamedObjectPath [0x77177A6E+238]
">
      <![CDATA[org.openqa.selenium.SessionNotCreatedException: session not created
from disconnected: Unable to receive message from renderer
  (Session info: chrome=101.0.4951.54)
Build info: version: '3.141.59', revision: 'e82be7d358', time: '2018-11-14T08:17:03'
System info: host: 'LTIN192700', ip: '30.159.214.125', os.name: 'Windows 10', os.arch: 'amd64', os.version: '10.0', java.version: '15.0.2'
Driver info: driver.version: ChromeDriver
remote stacktrace: Backtrace:
Ordinal0 [0x00B1B8F3+2406643]
Ordinal0 [0x00AAAF31+1945393]
Ordinal0 [0x0099C748+837448]
Ordinal0 [0x0098DA12+776722]
Ordinal0 [0x0098C7C5+772037]
Ordinal0 [0x0098CC9D+773277]
Ordinal0 [0x0098C3E5+771045]
Ordinal0 [0x00998323+820003]
Ordinal0 [0x0098C395+770965]
Ordinal0 [0x0098D488+775304]
Ordinal0 [0x0098C7C5+772037]
Ordinal0 [0x0098CC9D+773277]
Ordinal0 [0x0098C3E5+771045]
Ordinal0 [0x00996013+811027]
Ordinal0 [0x0098C395+770965]
Ordinal0 [0x0098D488+775304]
Ordinal0 [0x0098C7C5+772037]
Ordinal0 [0x0098CC9D+773277]
Ordinal0 [0x0098C3E5+771045]
Ordinal0 [0x00993E59+802393]
Ordinal0 [0x0098C395+770965]
Ordinal0 [0x0098D488+775304]
Ordinal0 [0x0098C7C5+772037]
Ordinal0 [0x0098CDC8+773576]
Ordinal0 [0x0098CD58+773464]
Ordinal0 [0x009929B6+797110]
Ordinal0 [0x009928F0+796912]
Ordinal0 [0x0098C395+770965]
Ordinal0 [0x0098D488+775304]
Ordinal0 [0x0098C7C5+772037]
Ordinal0 [0x0098CC9D+773277]
Ordinal0 [0x0098C3E5+771045]
Ordinal0 [0x00987C5D+752733]
Ordinal0 [0x0098C395+770965]
Ordinal0 [0x0098C120+770336]
Ordinal0 [0x0098BE69+769641]
Ordinal0 [0x0099DAC0+842432]
Ordinal0 [0x009E9F79+1154937]
Ordinal0 [0x009E8B3A+1149754]
Ordinal0 [0x009E4096+1130646]
Ordinal0 [0x009BE636+976438]
Ordinal0 [0x009BF546+980294]
GetHandleVerifier [0x00D89612+2498066]
GetHandleVerifier [0x00D7C920+2445600]
GetHandleVerifier [0x00BB4F2A+579370]
GetHandleVerifier [0x00BB3D36+574774]
Ordinal0 [0x00AB1C0B+1973259]
Ordinal0 [0x00AB6688+1992328]
Ordinal0 [0x00AB6775+1992565]
Ordinal0 [0x00ABF8D1+2029777]
BaseThreadInitThunk [0x76E3FA29+25]
RtlGetAppContainerNamedObjectPath [0x77177A9E+286]
RtlGetAppContainerNamedObjectPath [0x77177A6E+238]

at org.openqa.selenium.remote.W3CHandshakeResponse.lambda$errorHandler$0(W3CHandshakeResponse.java:62)
at org.openqa.selenium.remote.HandshakeResponse.lambda$getResponseFunction$0(HandshakeResponse.java:30)
at org.openqa.selenium.remote.ProtocolHandshake.lambda$createSession$0(ProtocolHandshake.java:126)
at java.base/java.util.stream.ReferencePipeline$3$1.accept(ReferencePipeline.java:195)
at java.base/java.util.Spliterators$ArraySpliterator.tryAdvance(Spliterators.java:958)
at java.base/java.util.stream.ReferencePipeline.forEachWithCancel(ReferencePipeline.java:127)
at java.base/java.util.stream.AbstractPipeline.copyIntoWithCancel(AbstractPipeline.java:502)
at java.base/java.util.stream.AbstractPipeline.copyInto(AbstractPipeline.java:488)
at java.base/java.util.stream.AbstractPipeline.wrapAndCopyInto(AbstractPipeline.java:474)
at java.base/java.util.stream.FindOps$FindOp.evaluateSequential(FindOps.java:150)
at java.base/java.util.stream.AbstractPipeline.evaluate(AbstractPipeline.java:234)
at java.base/java.util.stream.ReferencePipeline.findFirst(ReferencePipeline.java:543)
at org.openqa.selenium.remote.ProtocolHandshake.createSession(ProtocolHandshake.java:128)
at org.openqa.selenium.remote.ProtocolHandshake.createSession(ProtocolHandshake.java:74)
at org.openqa.selenium.remote.HttpCommandExecutor.execute(HttpCommandExecutor.java:136)
at org.openqa.selenium.remote.service.DriverCommandExecutor.execute(DriverCommandExecutor.java:83)
at org.openqa.selenium.remote.RemoteWebDriver.execute(RemoteWebDriver.java:552)
at org.openqa.selenium.remote.RemoteWebDriver.startSession(RemoteWebDriver.java:213)
at org.openqa.selenium.remote.RemoteWebDriver.<init>(RemoteWebDriver.java:131)
at org.openqa.selenium.chrome.ChromeDriver.<init>(ChromeDriver.java:181)
at org.openqa.selenium.chrome.ChromeDriver.<init>(ChromeDriver.java:168)
at org.openqa.selenium.chrome.ChromeDriver.<init>(ChromeDriver.java:157)
at utilities.DriverSetup.setChromeDriver(DriverSetup.java:49)
at utilities.DriverSetup.getWebDriver(DriverSetup.java:28)
at captureAlert.CapturealertinGiftCards.capturealert(CapturealertinGiftCards.java:24)
at java.base/java.util.ArrayList.forEach(ArrayList.java:1511)
... Removed 32 stack frames]]>
    </failure>
  </testcase> <!-- capturealert -->
</testsuite> <!-- Test -->
